[18-Jan-2018 17:28:56] NOTICE: fpm is running, pid 14
[18-Jan-2018 17:28:56] NOTICE: ready to handle connections
[19-Jan-2018 22:02:09] NOTICE: fpm is running, pid 8
[19-Jan-2018 22:02:09] NOTICE: ready to handle connections
[23-Jan-2018 23:01:12] NOTICE: fpm is running, pid 8
[23-Jan-2018 23:01:12] NOTICE: ready to handle connections
[24-Jan-2018 00:08:52] NOTICE: fpm is running, pid 8
[24-Jan-2018 00:08:52] NOTICE: ready to handle connections
[05-Feb-2018 19:31:40] NOTICE: fpm is running, pid 8
[05-Feb-2018 19:31:40] NOTICE: ready to handle connections
[05-Feb-2018 19:32:14] NOTICE: fpm is running, pid 8
[05-Feb-2018 19:32:14] NOTICE: ready to handle connections
[11-Feb-2018 23:24:10] NOTICE: fpm is running, pid 25
[11-Feb-2018 23:24:10] NOTICE: ready to handle connections
[21-Feb-2018 17:44:26] NOTICE: fpm is running, pid 8
[21-Feb-2018 17:44:26] NOTICE: ready to handle connections
[21-Feb-2018 18:03:13] NOTICE: Terminating ...
[21-Feb-2018 18:03:13] NOTICE: exiting, bye-bye!
[21-Feb-2018 18:03:17] NOTICE: fpm is running, pid 8
[21-Feb-2018 18:03:17] NOTICE: ready to handle connections
