2018-01-18 17:28:56 28 [Warning] Using unique option prefix myisam-recover instead of myisam-recover-options is deprecated and will be removed in a future release. Please use the full name instead.
2018-01-18 17:28:56 28 [Note] Plugin 'FEDERATED' is disabled.
2018-01-18 17:28:56 28 [Note] InnoDB: Using atomics to ref count buffer pool pages
2018-01-18 17:28:56 28 [Note] InnoDB: The InnoDB memory heap is disabled
2018-01-18 17:28:56 28 [Note] InnoDB: Mutexes and rw_locks use GCC atomic builtins
2018-01-18 17:28:56 28 [Note] InnoDB: Memory barrier is not used
2018-01-18 17:28:56 28 [Note] InnoDB: Compressed tables use zlib 1.2.3
2018-01-18 17:28:56 28 [Note] InnoDB: Using Linux native AIO
2018-01-18 17:28:56 28 [Note] InnoDB: Using CPU crc32 instructions
2018-01-18 17:28:56 28 [Note] InnoDB: Initializing buffer pool, size = 8.0M
2018-01-18 17:28:56 28 [Note] InnoDB: Completed initialization of buffer pool
2018-01-18 17:28:57 28 [Note] InnoDB: Highest supported file format is Barracuda.
2018-01-18 17:28:58 28 [Note] InnoDB: The log sequence numbers 1625987 and 1625987 in ibdata files do not match the log sequence number 1625997 in the ib_logfiles!
2018-01-18 17:28:58 28 [Note] InnoDB: Database was not shutdown normally!
2018-01-18 17:28:58 28 [Note] InnoDB: Starting crash recovery.
2018-01-18 17:28:58 28 [Note] InnoDB: Reading tablespace information from the .ibd files...
2018-01-18 17:28:59 28 [Note] InnoDB: Restoring possible half-written data pages 
2018-01-18 17:28:59 28 [Note] InnoDB: from the doublewrite buffer...
2018-01-18 17:29:01 28 [Note] InnoDB: 128 rollback segment(s) are active.
2018-01-18 17:29:01 28 [Note] InnoDB: Waiting for purge to start
2018-01-18 17:29:01 28 [Note] InnoDB: 5.6.37 started; log sequence number 1625997
2018-01-18 17:29:01 28 [Note] Server hostname (bind-address): '*'; port: 3306
2018-01-18 17:29:01 28 [Note] IPv6 is available.
2018-01-18 17:29:01 28 [Note]   - '::' resolves to '::';
2018-01-18 17:29:01 28 [Note] Server socket created on IP: '::'.
2018-01-18 17:29:01 28 [ERROR] /usr/sbin/mysqld: Table './mysql/user' is marked as crashed and should be repaired
2018-01-18 17:29:01 28 [Warning] Checking table:   './mysql/user'
2018-01-18 17:29:01 28 [ERROR] 1 client is using or hasn't closed the table properly
2018-01-18 17:29:01 28 [Warning] 'user' entry 'root@e24d0b5cccc1' ignored in --skip-name-resolve mode.
2018-01-18 17:29:01 28 [Warning] 'user' entry '@e24d0b5cccc1' ignored in --skip-name-resolve mode.
2018-01-18 17:29:01 28 [Warning] 'proxies_priv' entry '@ root@e24d0b5cccc1' ignored in --skip-name-resolve mode.
2018-01-18 17:29:01 28 [Note] Event Scheduler: Loaded 0 events
2018-01-18 17:29:01 28 [Note] /usr/sbin/mysqld: ready for connections.
Version: '5.6.37'  socket: '/var/run/mysqld/mysqld.sock'  port: 3306  MySQL Community Server (GPL)
2018-01-19 22:01:51 14 [Warning] Using unique option prefix myisam-recover instead of myisam-recover-options is deprecated and will be removed in a future release. Please use the full name instead.
2018-01-19 22:01:51 14 [Note] Plugin 'FEDERATED' is disabled.
2018-01-19 22:01:52 14 [Note] InnoDB: Using atomics to ref count buffer pool pages
2018-01-19 22:01:52 14 [Note] InnoDB: The InnoDB memory heap is disabled
2018-01-19 22:01:52 14 [Note] InnoDB: Mutexes and rw_locks use GCC atomic builtins
2018-01-19 22:01:52 14 [Note] InnoDB: Memory barrier is not used
2018-01-19 22:01:52 14 [Note] InnoDB: Compressed tables use zlib 1.2.3
2018-01-19 22:01:52 14 [Note] InnoDB: Using Linux native AIO
2018-01-19 22:01:53 14 [Note] InnoDB: Using CPU crc32 instructions
2018-01-19 22:01:53 14 [Note] InnoDB: Initializing buffer pool, size = 8.0M
2018-01-19 22:01:53 14 [Note] InnoDB: Completed initialization of buffer pool
2018-01-19 22:01:56 14 [Note] InnoDB: Highest supported file format is Barracuda.
2018-01-19 22:01:56 14 [Note] InnoDB: The log sequence numbers 1625987 and 1625987 in ibdata files do not match the log sequence number 3079205 in the ib_logfiles!
2018-01-19 22:01:56 14 [Note] InnoDB: Database was not shutdown normally!
2018-01-19 22:01:56 14 [Note] InnoDB: Starting crash recovery.
2018-01-19 22:01:56 14 [Note] InnoDB: Reading tablespace information from the .ibd files...
2018-01-19 22:01:58 14 [Note] InnoDB: Restoring possible half-written data pages 
2018-01-19 22:01:58 14 [Note] InnoDB: from the doublewrite buffer...
2018-01-19 22:02:14 14 [Note] InnoDB: 128 rollback segment(s) are active.
2018-01-19 22:02:14 14 [Note] InnoDB: Waiting for purge to start
2018-01-19 22:02:14 14 [Note] InnoDB: 5.6.37 started; log sequence number 3079205
2018-01-19 22:02:14 14 [Note] Server hostname (bind-address): '*'; port: 3306
2018-01-19 22:02:14 14 [Note] IPv6 is available.
2018-01-19 22:02:14 14 [Note]   - '::' resolves to '::';
2018-01-19 22:02:14 14 [Note] Server socket created on IP: '::'.
2018-01-19 22:02:16 14 [Warning] 'user' entry 'root@e24d0b5cccc1' ignored in --skip-name-resolve mode.
2018-01-19 22:02:16 14 [Warning] 'user' entry '@e24d0b5cccc1' ignored in --skip-name-resolve mode.
2018-01-19 22:02:16 14 [Warning] 'proxies_priv' entry '@ root@e24d0b5cccc1' ignored in --skip-name-resolve mode.
2018-01-19 22:02:17 14 [Note] Event Scheduler: Loaded 0 events
2018-01-19 22:02:17 14 [Note] /usr/sbin/mysqld: ready for connections.
Version: '5.6.37'  socket: '/var/run/mysqld/mysqld.sock'  port: 3306  MySQL Community Server (GPL)
2018-01-23 23:00:37 14 [Warning] Using unique option prefix myisam-recover instead of myisam-recover-options is deprecated and will be removed in a future release. Please use the full name instead.
2018-01-23 23:00:37 14 [Note] Plugin 'FEDERATED' is disabled.
2018-01-23 23:00:39 14 [Note] InnoDB: Using atomics to ref count buffer pool pages
2018-01-23 23:00:39 14 [Note] InnoDB: The InnoDB memory heap is disabled
2018-01-23 23:00:39 14 [Note] InnoDB: Mutexes and rw_locks use GCC atomic builtins
2018-01-23 23:00:39 14 [Note] InnoDB: Memory barrier is not used
2018-01-23 23:00:39 14 [Note] InnoDB: Compressed tables use zlib 1.2.3
2018-01-23 23:00:39 14 [Note] InnoDB: Using Linux native AIO
2018-01-23 23:00:40 14 [Note] InnoDB: Using CPU crc32 instructions
2018-01-23 23:00:40 14 [Note] InnoDB: Initializing buffer pool, size = 8.0M
2018-01-23 23:00:40 14 [Note] InnoDB: Completed initialization of buffer pool
2018-01-23 23:00:43 14 [Note] InnoDB: Highest supported file format is Barracuda.
2018-01-23 23:00:43 14 [Note] InnoDB: The log sequence numbers 1625987 and 1625987 in ibdata files do not match the log sequence number 3337080 in the ib_logfiles!
2018-01-23 23:00:43 14 [Note] InnoDB: Database was not shutdown normally!
2018-01-23 23:00:43 14 [Note] InnoDB: Starting crash recovery.
2018-01-23 23:00:43 14 [Note] InnoDB: Reading tablespace information from the .ibd files...
2018-01-23 23:00:47 14 [Note] InnoDB: Restoring possible half-written data pages 
2018-01-23 23:00:47 14 [Note] InnoDB: from the doublewrite buffer...
2018-01-23 23:01:32 14 [Note] InnoDB: 128 rollback segment(s) are active.
2018-01-23 23:01:32 14 [Note] InnoDB: Waiting for purge to start
2018-01-23 23:01:32 14 [Note] InnoDB: 5.6.37 started; log sequence number 3337080
2018-01-23 23:01:32 14 [Note] Server hostname (bind-address): '*'; port: 3306
2018-01-23 23:01:32 14 [Note] IPv6 is available.
2018-01-23 23:01:32 14 [Note]   - '::' resolves to '::';
2018-01-23 23:01:32 14 [Note] Server socket created on IP: '::'.
2018-01-23 23:01:33 14 [Warning] 'user' entry 'root@e24d0b5cccc1' ignored in --skip-name-resolve mode.
2018-01-23 23:01:33 14 [Warning] 'user' entry '@e24d0b5cccc1' ignored in --skip-name-resolve mode.
2018-01-23 23:01:33 14 [Warning] 'proxies_priv' entry '@ root@e24d0b5cccc1' ignored in --skip-name-resolve mode.
2018-01-23 23:01:35 14 [Note] Event Scheduler: Loaded 0 events
2018-01-23 23:01:35 14 [Note] /usr/sbin/mysqld: ready for connections.
Version: '5.6.37'  socket: '/var/run/mysqld/mysqld.sock'  port: 3306  MySQL Community Server (GPL)
2018-01-24 00:08:45 14 [Warning] Using unique option prefix myisam-recover instead of myisam-recover-options is deprecated and will be removed in a future release. Please use the full name instead.
2018-01-24 00:08:45 14 [Note] Plugin 'FEDERATED' is disabled.
2018-01-24 00:08:45 14 [Note] InnoDB: Using atomics to ref count buffer pool pages
2018-01-24 00:08:45 14 [Note] InnoDB: The InnoDB memory heap is disabled
2018-01-24 00:08:45 14 [Note] InnoDB: Mutexes and rw_locks use GCC atomic builtins
2018-01-24 00:08:45 14 [Note] InnoDB: Memory barrier is not used
2018-01-24 00:08:45 14 [Note] InnoDB: Compressed tables use zlib 1.2.3
2018-01-24 00:08:45 14 [Note] InnoDB: Using Linux native AIO
2018-01-24 00:08:46 14 [Note] InnoDB: Using CPU crc32 instructions
2018-01-24 00:08:46 14 [Note] InnoDB: Initializing buffer pool, size = 8.0M
2018-01-24 00:08:46 14 [Note] InnoDB: Completed initialization of buffer pool
2018-01-24 00:08:47 14 [Note] InnoDB: Highest supported file format is Barracuda.
2018-01-24 00:08:47 14 [Note] InnoDB: The log sequence numbers 1625987 and 1625987 in ibdata files do not match the log sequence number 3337090 in the ib_logfiles!
2018-01-24 00:08:47 14 [Note] InnoDB: Database was not shutdown normally!
2018-01-24 00:08:47 14 [Note] InnoDB: Starting crash recovery.
2018-01-24 00:08:47 14 [Note] InnoDB: Reading tablespace information from the .ibd files...
2018-01-24 00:08:48 14 [Note] InnoDB: Restoring possible half-written data pages 
2018-01-24 00:08:48 14 [Note] InnoDB: from the doublewrite buffer...
2018-01-24 00:08:56 14 [Note] InnoDB: 128 rollback segment(s) are active.
2018-01-24 00:08:56 14 [Note] InnoDB: Waiting for purge to start
2018-01-24 00:08:56 14 [Note] InnoDB: 5.6.37 started; log sequence number 3337090
2018-01-24 00:08:56 14 [Note] Server hostname (bind-address): '*'; port: 3306
2018-01-24 00:08:56 14 [Note] IPv6 is available.
2018-01-24 00:08:56 14 [Note]   - '::' resolves to '::';
2018-01-24 00:08:56 14 [Note] Server socket created on IP: '::'.
2018-01-24 00:08:56 14 [Warning] 'user' entry 'root@e24d0b5cccc1' ignored in --skip-name-resolve mode.
2018-01-24 00:08:56 14 [Warning] 'user' entry '@e24d0b5cccc1' ignored in --skip-name-resolve mode.
2018-01-24 00:08:57 14 [Warning] 'proxies_priv' entry '@ root@e24d0b5cccc1' ignored in --skip-name-resolve mode.
2018-01-24 00:08:57 14 [Note] Event Scheduler: Loaded 0 events
2018-01-24 00:08:57 14 [Note] /usr/sbin/mysqld: ready for connections.
Version: '5.6.37'  socket: '/var/run/mysqld/mysqld.sock'  port: 3306  MySQL Community Server (GPL)
2018-02-05 19:31:36 14 [Warning] Using unique option prefix myisam-recover instead of myisam-recover-options is deprecated and will be removed in a future release. Please use the full name instead.
2018-02-05 19:31:36 14 [Note] Plugin 'FEDERATED' is disabled.
2018-02-05 19:31:36 14 [Note] InnoDB: Using atomics to ref count buffer pool pages
2018-02-05 19:31:36 14 [Note] InnoDB: The InnoDB memory heap is disabled
2018-02-05 19:31:36 14 [Note] InnoDB: Mutexes and rw_locks use GCC atomic builtins
2018-02-05 19:31:36 14 [Note] InnoDB: Memory barrier is not used
2018-02-05 19:31:36 14 [Note] InnoDB: Compressed tables use zlib 1.2.3
2018-02-05 19:31:36 14 [Note] InnoDB: Using Linux native AIO
2018-02-05 19:31:36 14 [Note] InnoDB: Using CPU crc32 instructions
2018-02-05 19:31:36 14 [Note] InnoDB: Initializing buffer pool, size = 8.0M
2018-02-05 19:31:36 14 [Note] InnoDB: Completed initialization of buffer pool
2018-02-05 19:31:37 14 [Note] InnoDB: Highest supported file format is Barracuda.
2018-02-05 19:31:37 14 [Note] InnoDB: The log sequence numbers 1625987 and 1625987 in ibdata files do not match the log sequence number 4504209 in the ib_logfiles!
2018-02-05 19:31:37 14 [Note] InnoDB: Database was not shutdown normally!
2018-02-05 19:31:37 14 [Note] InnoDB: Starting crash recovery.
2018-02-05 19:31:37 14 [Note] InnoDB: Reading tablespace information from the .ibd files...
2018-02-05 19:31:38 14 [Note] InnoDB: Restoring possible half-written data pages 
2018-02-05 19:31:38 14 [Note] InnoDB: from the doublewrite buffer...
2018-02-05 19:31:43 14 [Note] InnoDB: 128 rollback segment(s) are active.
2018-02-05 19:31:43 14 [Note] InnoDB: Waiting for purge to start
2018-02-05 19:31:43 14 [Note] InnoDB: 5.6.37 started; log sequence number 4504209
2018-02-05 19:31:43 14 [Note] Server hostname (bind-address): '*'; port: 3306
2018-02-05 19:31:43 14 [Note] IPv6 is available.
2018-02-05 19:31:43 14 [Note]   - '::' resolves to '::';
2018-02-05 19:31:43 14 [Note] Server socket created on IP: '::'.
2018-02-05 19:31:45 14 [Warning] 'user' entry 'root@e24d0b5cccc1' ignored in --skip-name-resolve mode.
2018-02-05 19:31:45 14 [Warning] 'user' entry '@e24d0b5cccc1' ignored in --skip-name-resolve mode.
2018-02-05 19:31:45 14 [Warning] 'proxies_priv' entry '@ root@e24d0b5cccc1' ignored in --skip-name-resolve mode.
2018-02-05 19:31:46 14 [Note] Event Scheduler: Loaded 0 events
2018-02-05 19:31:46 14 [Note] /usr/sbin/mysqld: ready for connections.
Version: '5.6.37'  socket: '/var/run/mysqld/mysqld.sock'  port: 3306  MySQL Community Server (GPL)
2018-02-05 19:32:14 16 [Warning] Using unique option prefix myisam-recover instead of myisam-recover-options is deprecated and will be removed in a future release. Please use the full name instead.
2018-02-05 19:32:14 16 [Note] Plugin 'FEDERATED' is disabled.
2018-02-05 19:32:14 16 [Note] InnoDB: Using atomics to ref count buffer pool pages
2018-02-05 19:32:14 16 [Note] InnoDB: The InnoDB memory heap is disabled
2018-02-05 19:32:14 16 [Note] InnoDB: Mutexes and rw_locks use GCC atomic builtins
2018-02-05 19:32:14 16 [Note] InnoDB: Memory barrier is not used
2018-02-05 19:32:14 16 [Note] InnoDB: Compressed tables use zlib 1.2.3
2018-02-05 19:32:14 16 [Note] InnoDB: Using Linux native AIO
2018-02-05 19:32:14 16 [Note] InnoDB: Using CPU crc32 instructions
2018-02-05 19:32:14 16 [Note] InnoDB: Initializing buffer pool, size = 8.0M
2018-02-05 19:32:14 16 [Note] InnoDB: Completed initialization of buffer pool
2018-02-05 19:32:15 16 [Note] InnoDB: Highest supported file format is Barracuda.
2018-02-05 19:32:15 16 [Note] InnoDB: Log scan progressed past the checkpoint lsn 4504253
2018-02-05 19:32:15 16 [Note] InnoDB: Database was not shutdown normally!
2018-02-05 19:32:15 16 [Note] InnoDB: Starting crash recovery.
2018-02-05 19:32:15 16 [Note] InnoDB: Reading tablespace information from the .ibd files...
2018-02-05 19:32:15 16 [Note] InnoDB: Restoring possible half-written data pages 
2018-02-05 19:32:15 16 [Note] InnoDB: from the doublewrite buffer...
InnoDB: Doing recovery: scanned up to log sequence number 4506862
2018-02-05 19:32:16 16 [Note] InnoDB: Starting an apply batch of log records to the database...
InnoDB: Progress in percent: 53 54 55 56 57 58 59 60 61 62 63 64 65 66 67 68 69 70 71 72 73 74 75 76 77 78 79 80 81 82 83 84 85 86 87 88 89 90 91 92 93 94 95 96 97 98 99 
InnoDB: Apply batch completed
2018-02-05 19:32:16 16 [Note] InnoDB: 128 rollback segment(s) are active.
2018-02-05 19:32:16 16 [Note] InnoDB: Waiting for purge to start
2018-02-05 19:32:16 16 [Note] InnoDB: 5.6.37 started; log sequence number 4506862
2018-02-05 19:32:16 16 [Note] Server hostname (bind-address): '*'; port: 3306
2018-02-05 19:32:16 16 [Note] IPv6 is available.
2018-02-05 19:32:16 16 [Note]   - '::' resolves to '::';
2018-02-05 19:32:16 16 [Note] Server socket created on IP: '::'.
2018-02-05 19:32:17 16 [Warning] 'user' entry 'root@e24d0b5cccc1' ignored in --skip-name-resolve mode.
2018-02-05 19:32:17 16 [Warning] 'user' entry '@e24d0b5cccc1' ignored in --skip-name-resolve mode.
2018-02-05 19:32:17 16 [Warning] 'proxies_priv' entry '@ root@e24d0b5cccc1' ignored in --skip-name-resolve mode.
2018-02-05 19:32:17 16 [Note] Event Scheduler: Loaded 0 events
2018-02-05 19:32:17 16 [Note] /usr/sbin/mysqld: ready for connections.
Version: '5.6.37'  socket: '/var/run/mysqld/mysqld.sock'  port: 3306  MySQL Community Server (GPL)
2018-02-11 23:24:05 31 [Warning] Using unique option prefix myisam-recover instead of myisam-recover-options is deprecated and will be removed in a future release. Please use the full name instead.
2018-02-11 23:24:06 31 [Note] Plugin 'FEDERATED' is disabled.
2018-02-11 23:24:07 31 [Note] InnoDB: Using atomics to ref count buffer pool pages
2018-02-11 23:24:07 31 [Note] InnoDB: The InnoDB memory heap is disabled
2018-02-11 23:24:07 31 [Note] InnoDB: Mutexes and rw_locks use GCC atomic builtins
2018-02-11 23:24:07 31 [Note] InnoDB: Memory barrier is not used
2018-02-11 23:24:07 31 [Note] InnoDB: Compressed tables use zlib 1.2.3
2018-02-11 23:24:07 31 [Note] InnoDB: Using Linux native AIO
2018-02-11 23:24:07 31 [Note] InnoDB: Using CPU crc32 instructions
2018-02-11 23:24:07 31 [Note] InnoDB: Initializing buffer pool, size = 8.0M
2018-02-11 23:24:07 31 [Note] InnoDB: Completed initialization of buffer pool
2018-02-11 23:24:08 31 [Note] InnoDB: Highest supported file format is Barracuda.
2018-02-11 23:24:09 31 [Note] InnoDB: The log sequence numbers 1625987 and 1625987 in ibdata files do not match the log sequence number 4939389 in the ib_logfiles!
2018-02-11 23:24:09 31 [Note] InnoDB: Database was not shutdown normally!
2018-02-11 23:24:09 31 [Note] InnoDB: Starting crash recovery.
2018-02-11 23:24:09 31 [Note] InnoDB: Reading tablespace information from the .ibd files...
2018-02-11 23:24:11 31 [Note] InnoDB: Restoring possible half-written data pages 
2018-02-11 23:24:11 31 [Note] InnoDB: from the doublewrite buffer...
2018-02-11 23:24:22 31 [Note] InnoDB: 128 rollback segment(s) are active.
2018-02-11 23:24:22 31 [Note] InnoDB: Waiting for purge to start
2018-02-11 23:24:22 31 [Note] InnoDB: 5.6.37 started; log sequence number 4939389
2018-02-11 23:24:22 31 [Note] Server hostname (bind-address): '*'; port: 3306
2018-02-11 23:24:22 31 [Note] IPv6 is available.
2018-02-11 23:24:22 31 [Note]   - '::' resolves to '::';
2018-02-11 23:24:22 31 [Note] Server socket created on IP: '::'.
2018-02-11 23:24:23 31 [Warning] 'user' entry 'root@e24d0b5cccc1' ignored in --skip-name-resolve mode.
2018-02-11 23:24:23 31 [Warning] 'user' entry '@e24d0b5cccc1' ignored in --skip-name-resolve mode.
2018-02-11 23:24:23 31 [Warning] 'proxies_priv' entry '@ root@e24d0b5cccc1' ignored in --skip-name-resolve mode.
2018-02-11 23:24:23 31 [Note] Event Scheduler: Loaded 0 events
2018-02-11 23:24:23 31 [Note] /usr/sbin/mysqld: ready for connections.
Version: '5.6.37'  socket: '/var/run/mysqld/mysqld.sock'  port: 3306  MySQL Community Server (GPL)
2018-02-21 17:44:11 14 [Warning] Using unique option prefix myisam-recover instead of myisam-recover-options is deprecated and will be removed in a future release. Please use the full name instead.
2018-02-21 17:44:11 14 [Note] Plugin 'FEDERATED' is disabled.
2018-02-21 17:44:13 14 [Note] InnoDB: Using atomics to ref count buffer pool pages
2018-02-21 17:44:13 14 [Note] InnoDB: The InnoDB memory heap is disabled
2018-02-21 17:44:13 14 [Note] InnoDB: Mutexes and rw_locks use GCC atomic builtins
2018-02-21 17:44:13 14 [Note] InnoDB: Memory barrier is not used
2018-02-21 17:44:13 14 [Note] InnoDB: Compressed tables use zlib 1.2.3
2018-02-21 17:44:13 14 [Note] InnoDB: Using Linux native AIO
2018-02-21 17:44:14 14 [Note] InnoDB: Using CPU crc32 instructions
2018-02-21 17:44:14 14 [Note] InnoDB: Initializing buffer pool, size = 8.0M
2018-02-21 17:44:14 14 [Note] InnoDB: Completed initialization of buffer pool
2018-02-21 17:44:15 14 [Note] InnoDB: Highest supported file format is Barracuda.
2018-02-21 17:44:16 14 [Note] InnoDB: The log sequence numbers 1625987 and 1625987 in ibdata files do not match the log sequence number 6303796 in the ib_logfiles!
2018-02-21 17:44:16 14 [Note] InnoDB: Database was not shutdown normally!
2018-02-21 17:44:16 14 [Note] InnoDB: Starting crash recovery.
2018-02-21 17:44:16 14 [Note] InnoDB: Reading tablespace information from the .ibd files...
2018-02-21 17:44:18 14 [Note] InnoDB: Restoring possible half-written data pages 
2018-02-21 17:44:18 14 [Note] InnoDB: from the doublewrite buffer...
2018-02-21 17:44:43 14 [Note] InnoDB: 128 rollback segment(s) are active.
2018-02-21 17:44:43 14 [Note] InnoDB: Waiting for purge to start
2018-02-21 17:44:43 14 [Note] InnoDB: 5.6.37 started; log sequence number 6303796
2018-02-21 17:44:43 14 [Note] Server hostname (bind-address): '*'; port: 3306
2018-02-21 17:44:43 14 [Note] IPv6 is available.
2018-02-21 17:44:43 14 [Note]   - '::' resolves to '::';
2018-02-21 17:44:43 14 [Note] Server socket created on IP: '::'.
2018-02-21 17:44:43 14 [Warning] 'user' entry 'root@e24d0b5cccc1' ignored in --skip-name-resolve mode.
2018-02-21 17:44:43 14 [Warning] 'user' entry '@e24d0b5cccc1' ignored in --skip-name-resolve mode.
2018-02-21 17:44:43 14 [Warning] 'proxies_priv' entry '@ root@e24d0b5cccc1' ignored in --skip-name-resolve mode.
2018-02-21 17:44:44 14 [Note] Event Scheduler: Loaded 0 events
2018-02-21 17:44:44 14 [Note] /usr/sbin/mysqld: ready for connections.
Version: '5.6.37'  socket: '/var/run/mysqld/mysqld.sock'  port: 3306  MySQL Community Server (GPL)
2018-02-21 18:03:12 14 [Note] /usr/sbin/mysqld: Normal shutdown

2018-02-21 18:03:12 14 [Note] Giving 0 client threads a chance to die gracefully
2018-02-21 18:03:12 14 [Note] Event Scheduler: Purging the queue. 0 events
2018-02-21 18:03:12 14 [Note] Shutting down slave threads
2018-02-21 18:03:12 14 [Note] Forcefully disconnecting 0 remaining clients
2018-02-21 18:03:12 14 [Note] Binlog end
2018-02-21 18:03:12 14 [Note] Shutting down plugin 'partition'
2018-02-21 18:03:12 14 [Note] Shutting down plugin 'INNODB_SYS_DATAFILES'
2018-02-21 18:03:12 14 [Note] Shutting down plugin 'INNODB_SYS_TABLESPACES'
2018-02-21 18:03:12 14 [Note] Shutting down plugin 'INNODB_SYS_FOREIGN_COLS'
2018-02-21 18:03:12 14 [Note] Shutting down plugin 'INNODB_SYS_FOREIGN'
2018-02-21 18:03:12 14 [Note] Shutting down plugin 'INNODB_SYS_FIELDS'
2018-02-21 18:03:12 14 [Note] Shutting down plugin 'INNODB_SYS_COLUMNS'
2018-02-21 18:03:12 14 [Note] Shutting down plugin 'INNODB_SYS_INDEXES'
2018-02-21 18:03:12 14 [Note] Shutting down plugin 'INNODB_SYS_TABLESTATS'
2018-02-21 18:03:12 14 [Note] Shutting down plugin 'INNODB_SYS_TABLES'
2018-02-21 18:03:12 14 [Note] Shutting down plugin 'INNODB_FT_INDEX_TABLE'
2018-02-21 18:03:12 14 [Note] Shutting down plugin 'INNODB_FT_INDEX_CACHE'
2018-02-21 18:03:12 14 [Note] Shutting down plugin 'INNODB_FT_CONFIG'
2018-02-21 18:03:12 14 [Note] Shutting down plugin 'INNODB_FT_BEING_DELETED'
2018-02-21 18:03:12 14 [Note] Shutting down plugin 'INNODB_FT_DELETED'
2018-02-21 18:03:12 14 [Note] Shutting down plugin 'INNODB_FT_DEFAULT_STOPWORD'
2018-02-21 18:03:12 14 [Note] Shutting down plugin 'INNODB_METRICS'
2018-02-21 18:03:12 14 [Note] Shutting down plugin 'INNODB_BUFFER_POOL_STATS'
2018-02-21 18:03:12 14 [Note] Shutting down plugin 'INNODB_BUFFER_PAGE_LRU'
2018-02-21 18:03:12 14 [Note] Shutting down plugin 'INNODB_BUFFER_PAGE'
2018-02-21 18:03:12 14 [Note] Shutting down plugin 'INNODB_CMP_PER_INDEX_RESET'
2018-02-21 18:03:12 14 [Note] Shutting down plugin 'INNODB_CMP_PER_INDEX'
2018-02-21 18:03:12 14 [Note] Shutting down plugin 'INNODB_CMPMEM_RESET'
2018-02-21 18:03:12 14 [Note] Shutting down plugin 'INNODB_CMPMEM'
2018-02-21 18:03:12 14 [Note] Shutting down plugin 'INNODB_CMP_RESET'
2018-02-21 18:03:12 14 [Note] Shutting down plugin 'INNODB_CMP'
2018-02-21 18:03:12 14 [Note] Shutting down plugin 'INNODB_LOCK_WAITS'
2018-02-21 18:03:12 14 [Note] Shutting down plugin 'INNODB_LOCKS'
2018-02-21 18:03:12 14 [Note] Shutting down plugin 'INNODB_TRX'
2018-02-21 18:03:12 14 [Note] Shutting down plugin 'InnoDB'
2018-02-21 18:03:12 14 [Note] InnoDB: FTS optimize thread exiting.
2018-02-21 18:03:12 14 [Note] InnoDB: Starting shutdown...
2018-02-21 18:03:14 14 [Note] InnoDB: Shutdown completed; log sequence number 6304142
2018-02-21 18:03:14 14 [Note] Shutting down plugin 'BLACKHOLE'
2018-02-21 18:03:14 14 [Note] Shutting down plugin 'ARCHIVE'
2018-02-21 18:03:14 14 [Note] Shutting down plugin 'PERFORMANCE_SCHEMA'
2018-02-21 18:03:14 14 [Note] Shutting down plugin 'MEMORY'
2018-02-21 18:03:14 14 [Note] Shutting down plugin 'MyISAM'
2018-02-21 18:03:14 14 [Note] Shutting down plugin 'MRG_MYISAM'
2018-02-21 18:03:14 14 [Note] Shutting down plugin 'CSV'
2018-02-21 18:03:14 14 [Note] Shutting down plugin 'sha256_password'
2018-02-21 18:03:14 14 [Note] Shutting down plugin 'mysql_old_password'
2018-02-21 18:03:14 14 [Note] Shutting down plugin 'mysql_native_password'
2018-02-21 18:03:14 14 [Note] Shutting down plugin 'binlog'
2018-02-21 18:03:14 14 [Note] /usr/sbin/mysqld: Shutdown complete

2018-02-21 18:03:17 24 [Warning] Using unique option prefix myisam-recover instead of myisam-recover-options is deprecated and will be removed in a future release. Please use the full name instead.
2018-02-21 18:03:17 24 [Note] Plugin 'FEDERATED' is disabled.
2018-02-21 18:03:17 24 [Note] InnoDB: Using atomics to ref count buffer pool pages
2018-02-21 18:03:17 24 [Note] InnoDB: The InnoDB memory heap is disabled
2018-02-21 18:03:17 24 [Note] InnoDB: Mutexes and rw_locks use GCC atomic builtins
2018-02-21 18:03:17 24 [Note] InnoDB: Memory barrier is not used
2018-02-21 18:03:17 24 [Note] InnoDB: Compressed tables use zlib 1.2.3
2018-02-21 18:03:17 24 [Note] InnoDB: Using Linux native AIO
2018-02-21 18:03:17 24 [Note] InnoDB: Using CPU crc32 instructions
2018-02-21 18:03:17 24 [Note] InnoDB: Initializing buffer pool, size = 8.0M
2018-02-21 18:03:17 24 [Note] InnoDB: Completed initialization of buffer pool
2018-02-21 18:03:17 24 [Note] InnoDB: Highest supported file format is Barracuda.
2018-02-21 18:03:17 24 [Note] InnoDB: 128 rollback segment(s) are active.
2018-02-21 18:03:17 24 [Note] InnoDB: Waiting for purge to start
2018-02-21 18:03:17 24 [Note] InnoDB: 5.6.37 started; log sequence number 6304142
2018-02-21 18:03:17 24 [Note] Server hostname (bind-address): '*'; port: 3306
2018-02-21 18:03:17 24 [Note] IPv6 is available.
2018-02-21 18:03:17 24 [Note]   - '::' resolves to '::';
2018-02-21 18:03:17 24 [Note] Server socket created on IP: '::'.
2018-02-21 18:03:17 24 [Warning] 'user' entry 'root@e24d0b5cccc1' ignored in --skip-name-resolve mode.
2018-02-21 18:03:17 24 [Warning] 'user' entry '@e24d0b5cccc1' ignored in --skip-name-resolve mode.
2018-02-21 18:03:17 24 [Warning] 'proxies_priv' entry '@ root@e24d0b5cccc1' ignored in --skip-name-resolve mode.
2018-02-21 18:03:17 24 [Note] Event Scheduler: Loaded 0 events
2018-02-21 18:03:17 24 [Note] /usr/sbin/mysqld: ready for connections.
Version: '5.6.37'  socket: '/var/run/mysqld/mysqld.sock'  port: 3306  MySQL Community Server (GPL)
2018-02-23 01:58:06 24 [Note] /usr/sbin/mysqld: Normal shutdown

2018-02-23 01:58:06 24 [Note] Giving 0 client threads a chance to die gracefully
2018-02-23 01:58:06 24 [Note] Event Scheduler: Purging the queue. 0 events
2018-02-23 01:58:06 24 [Note] Shutting down slave threads
2018-02-23 01:58:06 24 [Note] Forcefully disconnecting 0 remaining clients
2018-02-23 01:58:06 24 [Note] Binlog end
2018-02-23 01:58:07 24 [Note] Shutting down plugin 'partition'
2018-02-23 01:58:07 24 [Note] Shutting down plugin 'INNODB_SYS_DATAFILES'
2018-02-23 01:58:07 24 [Note] Shutting down plugin 'INNODB_SYS_TABLESPACES'
2018-02-23 01:58:07 24 [Note] Shutting down plugin 'INNODB_SYS_FOREIGN_COLS'
2018-02-23 01:58:07 24 [Note] Shutting down plugin 'INNODB_SYS_FOREIGN'
2018-02-23 01:58:07 24 [Note] Shutting down plugin 'INNODB_SYS_FIELDS'
2018-02-23 01:58:07 24 [Note] Shutting down plugin 'INNODB_SYS_COLUMNS'
2018-02-23 01:58:07 24 [Note] Shutting down plugin 'INNODB_SYS_INDEXES'
2018-02-23 01:58:07 24 [Note] Shutting down plugin 'INNODB_SYS_TABLESTATS'
2018-02-23 01:58:07 24 [Note] Shutting down plugin 'INNODB_SYS_TABLES'
2018-02-23 01:58:07 24 [Note] Shutting down plugin 'INNODB_FT_INDEX_TABLE'
2018-02-23 01:58:07 24 [Note] Shutting down plugin 'INNODB_FT_INDEX_CACHE'
2018-02-23 01:58:07 24 [Note] Shutting down plugin 'INNODB_FT_CONFIG'
2018-02-23 01:58:07 24 [Note] Shutting down plugin 'INNODB_FT_BEING_DELETED'
2018-02-23 01:58:07 24 [Note] Shutting down plugin 'INNODB_FT_DELETED'
2018-02-23 01:58:07 24 [Note] Shutting down plugin 'INNODB_FT_DEFAULT_STOPWORD'
2018-02-23 01:58:07 24 [Note] Shutting down plugin 'INNODB_METRICS'
2018-02-23 01:58:07 24 [Note] Shutting down plugin 'INNODB_BUFFER_POOL_STATS'
2018-02-23 01:58:07 24 [Note] Shutting down plugin 'INNODB_BUFFER_PAGE_LRU'
2018-02-23 01:58:07 24 [Note] Shutting down plugin 'INNODB_BUFFER_PAGE'
2018-02-23 01:58:07 24 [Note] Shutting down plugin 'INNODB_CMP_PER_INDEX_RESET'
2018-02-23 01:58:07 24 [Note] Shutting down plugin 'INNODB_CMP_PER_INDEX'
2018-02-23 01:58:07 24 [Note] Shutting down plugin 'INNODB_CMPMEM_RESET'
2018-02-23 01:58:07 24 [Note] Shutting down plugin 'INNODB_CMPMEM'
2018-02-23 01:58:07 24 [Note] Shutting down plugin 'INNODB_CMP_RESET'
2018-02-23 01:58:07 24 [Note] Shutting down plugin 'INNODB_CMP'
2018-02-23 01:58:07 24 [Note] Shutting down plugin 'INNODB_LOCK_WAITS'
2018-02-23 01:58:07 24 [Note] Shutting down plugin 'INNODB_LOCKS'
2018-02-23 01:58:07 24 [Note] Shutting down plugin 'INNODB_TRX'
2018-02-23 01:58:07 24 [Note] Shutting down plugin 'InnoDB'
2018-02-23 01:58:07 24 [Note] InnoDB: FTS optimize thread exiting.
2018-02-23 01:58:07 24 [Note] InnoDB: Starting shutdown...
2018-02-23 01:58:08 24 [Note] InnoDB: Shutdown completed; log sequence number 7049934
2018-02-23 01:58:08 24 [Note] Shutting down plugin 'BLACKHOLE'
2018-02-23 01:58:08 24 [Note] Shutting down plugin 'ARCHIVE'
2018-02-23 01:58:08 24 [Note] Shutting down plugin 'PERFORMANCE_SCHEMA'
2018-02-23 01:58:08 24 [Note] Shutting down plugin 'MEMORY'
2018-02-23 01:58:08 24 [Note] Shutting down plugin 'MyISAM'
2018-02-23 01:58:08 24 [Note] Shutting down plugin 'MRG_MYISAM'
2018-02-23 01:58:08 24 [Note] Shutting down plugin 'CSV'
2018-02-23 01:58:08 24 [Note] Shutting down plugin 'sha256_password'
2018-02-23 01:58:08 24 [Note] Shutting down plugin 'mysql_old_password'
2018-02-23 01:58:08 24 [Note] Shutting down plugin 'mysql_native_password'
2018-02-23 01:58:08 24 [Note] Shutting down plugin 'binlog'
2018-02-23 01:58:08 24 [Note] /usr/sbin/mysqld: Shutdown complete

2018-02-23 17:31:32 46 [Warning] Using unique option prefix myisam-recover instead of myisam-recover-options is deprecated and will be removed in a future release. Please use the full name instead.
2018-02-23 17:31:32 46 [Note] Plugin 'FEDERATED' is disabled.
2018-02-23 17:31:32 46 [Note] InnoDB: Using atomics to ref count buffer pool pages
2018-02-23 17:31:32 46 [Note] InnoDB: The InnoDB memory heap is disabled
2018-02-23 17:31:32 46 [Note] InnoDB: Mutexes and rw_locks use GCC atomic builtins
2018-02-23 17:31:32 46 [Note] InnoDB: Memory barrier is not used
2018-02-23 17:31:32 46 [Note] InnoDB: Compressed tables use zlib 1.2.3
2018-02-23 17:31:32 46 [Note] InnoDB: Using Linux native AIO
2018-02-23 17:31:32 46 [Note] InnoDB: Using CPU crc32 instructions
2018-02-23 17:31:32 46 [Note] InnoDB: Initializing buffer pool, size = 8.0M
2018-02-23 17:31:32 46 [Note] InnoDB: Completed initialization of buffer pool
2018-02-23 17:31:32 46 [Note] InnoDB: Highest supported file format is Barracuda.
2018-02-23 17:31:33 46 [Note] InnoDB: 128 rollback segment(s) are active.
2018-02-23 17:31:33 46 [Note] InnoDB: Waiting for purge to start
2018-02-23 17:31:33 46 [Note] InnoDB: 5.6.37 started; log sequence number 7049934
2018-02-23 17:31:33 46 [Note] Server hostname (bind-address): '*'; port: 3306
2018-02-23 17:31:33 46 [Note] IPv6 is available.
2018-02-23 17:31:33 46 [Note]   - '::' resolves to '::';
2018-02-23 17:31:33 46 [Note] Server socket created on IP: '::'.
2018-02-23 17:31:33 46 [Warning] 'user' entry 'root@e24d0b5cccc1' ignored in --skip-name-resolve mode.
2018-02-23 17:31:33 46 [Warning] 'user' entry '@e24d0b5cccc1' ignored in --skip-name-resolve mode.
2018-02-23 17:31:33 46 [Warning] 'proxies_priv' entry '@ root@e24d0b5cccc1' ignored in --skip-name-resolve mode.
2018-02-23 17:31:33 46 [Note] Event Scheduler: Loaded 0 events
2018-02-23 17:31:33 46 [Note] /usr/sbin/mysqld: ready for connections.
Version: '5.6.37'  socket: '/var/run/mysqld/mysqld.sock'  port: 3306  MySQL Community Server (GPL)
